<?xml version="1.0" encoding="UTF-8"?>
<coverage generated="1740839315167" clover="3.2.0">
  <project timestamp="1740839315168" name="All files">
    <metrics statements="10" coveredstatements="10" conditionals="4" coveredconditionals="4" methods="6" coveredmethods="6" elements="20" coveredelements="20" complexity="0" loc="10" ncloc="10" packages="1" files="1" classes="1"/>
    <file name="Validator.js" path="/Users/Mikita/Desktop/netology/nicknames/src/js/Validator.js">
      <metrics statements="10" coveredstatements="10" conditionals="4" coveredconditionals="4" methods="6" coveredmethods="6"/>
      <line num="3" count="19" type="stmt"/>
      <line num="7" count="19" type="cond" truecount="4" falsecount="0"/>
      <line num="14" count="19" type="stmt"/>
      <line num="15" count="19" type="stmt"/>
      <line num="19" count="17" type="stmt"/>
      <line num="20" count="17" type="stmt"/>
      <line num="24" count="13" type="stmt"/>
      <line num="25" count="13" type="stmt"/>
      <line num="29" count="10" type="stmt"/>
      <line num="30" count="10" type="stmt"/>
    </file>
  </project>
</coverage>
