{"/Users/Mikita/Desktop/netology/nicknames/src/js/Validator.js": {"path":"/Users/Mikita/Desktop/netology/nicknames/src/js/Validator.js","statementMap":{"0":{"start":{"line":3,"column":8},"end":{"line":3,"column":27}},"1":{"start":{"line":7,"column":8},"end":{"line":10,"column":33}},"2":{"start":{"line":14,"column":19},"end":{"line":14,"column":34}},"3":{"start":{"line":15,"column":8},"end":{"line":15,"column":35}},"4":{"start":{"line":19,"column":19},"end":{"line":19,"column":30}},"5":{"start":{"line":20,"column":8},"end":{"line":20,"column":35}},"6":{"start":{"line":24,"column":19},"end":{"line":24,"column":30}},"7":{"start":{"line":25,"column":8},"end":{"line":25,"column":35}},"8":{"start":{"line":29,"column":19},"end":{"line":29,"column":26}},"9":{"start":{"line":30,"column":8},"end":{"line":30,"column":36}}},"fnMap":{"0":{"name":"(anonymous_0)","decl":{"start":{"line":2,"column":4},"end":{"line":2,"column":5}},"loc":{"start":{"line":2,"column":23},"end":{"line":4,"column":5}},"line":2},"1":{"name":"(anonymous_1)","decl":{"start":{"line":6,"column":4},"end":{"line":6,"column":5}},"loc":{"start":{"line":6,"column":23},"end":{"line":11,"column":5}},"line":6},"2":{"name":"(anonymous_2)","decl":{"start":{"line":13,"column":4},"end":{"line":13,"column":5}},"loc":{"start":{"line":13,"column":28},"end":{"line":16,"column":5}},"line":13},"3":{"name":"(anonymous_3)","decl":{"start":{"line":18,"column":4},"end":{"line":18,"column":5}},"loc":{"start":{"line":18,"column":17},"end":{"line":21,"column":5}},"line":18},"4":{"name":"(anonymous_4)","decl":{"start":{"line":23,"column":4},"end":{"line":23,"column":5}},"loc":{"start":{"line":23,"column":15},"end":{"line":26,"column":5}},"line":23},"5":{"name":"(anonymous_5)","decl":{"start":{"line":28,"column":4},"end":{"line":28,"column":5}},"loc":{"start":{"line":28,"column":24},"end":{"line":31,"column":5}},"line":28}},"branchMap":{"0":{"loc":{"start":{"line":7,"column":15},"end":{"line":10,"column":32}},"type":"binary-expr","locations":[{"start":{"line":7,"column":15},"end":{"line":7,"column":43}},{"start":{"line":8,"column":8},"end":{"line":8,"column":25}},{"start":{"line":9,"column":8},"end":{"line":9,"column":23}},{"start":{"line":10,"column":8},"end":{"line":10,"column":32}}],"line":7}},"s":{"0":19,"1":19,"2":19,"3":19,"4":17,"5":17,"6":13,"7":13,"8":10,"9":10},"f":{"0":19,"1":19,"2":19,"3":17,"4":13,"5":10},"b":{"0":[19,17,13,10]},"_coverageSchema":"1a1c01bbd47fc00a2c39e90264f33305004495a9","hash":"8b9f74358c42f5446f9b82d0f62a66554ab7396c"}
}
